[debug] [2023-11-14T11:48:35.352Z] ----------------------------------------------------------------------
[debug] [2023-11-14T11:48:35.355Z] Command:       C:\Program Files\nodejs\node.exe C:\Users\Hp\AppData\Roaming\npm\node_modules\firebase-tools\lib\bin\firebase.js init
[debug] [2023-11-14T11:48:35.357Z] CLI Version:   12.8.1
[debug] [2023-11-14T11:48:35.357Z] Platform:      win32
[debug] [2023-11-14T11:48:35.358Z] Node Version:  v18.17.1
[debug] [2023-11-14T11:48:35.359Z] Time:          Tue Nov 14 2023 17:18:35 GMT+0530 (India Standard Time)
[debug] [2023-11-14T11:48:35.360Z] ----------------------------------------------------------------------
[debug] 
[debug] [2023-11-14T11:48:35.371Z] > command requires scopes: ["email","openid","https://www.googleapis.com/auth/cloudplatformprojects.readonly","https://www.googleapis.com/auth/firebase","https://www.googleapis.com/auth/cloud-platform"]
[debug] [2023-11-14T11:48:35.372Z] > authorizing via signed-in user (tarardr888@gmail.com)
[info] 
     ######## #### ########  ######## ########     ###     ######  ########
     ##        ##  ##     ## ##       ##     ##  ##   ##  ##       ##
     ######    ##  ########  ######   ########  #########  ######  ######
     ##        ##  ##    ##  ##       ##     ## ##     ##       ## ##
     ##       #### ##     ## ######## ########  ##     ##  ######  ########

You're about to initialize a Firebase project in this directory:

  C:\Users\Hp\Documents\store-admin-pannel21-10\s-admin

[info] 
=== Project Setup
[info] 
[info] First, let's associate this project directory with a Firebase project.
[info] You can create multiple project aliases by running firebase use --add, 
[info] but for now we'll just set up a default project.
[info] 
[debug] [2023-11-14T11:49:42.399Z] >>> [apiv2][query] GET https://firebase.googleapis.com/v1beta1/projects pageSize=100
[debug] [2023-11-14T11:49:43.255Z] <<< [apiv2][status] GET https://firebase.googleapis.com/v1beta1/projects 200
[debug] [2023-11-14T11:49:43.255Z] <<< [apiv2][body] GET https://firebase.googleapis.com/v1beta1/projects [omitted]
[info] i  Using project wiseish (wiseish) 
[info] 
=== Hosting Setup
[info] 
[info] Your public directory is the folder (relative to your project directory) that
[info] will contain Hosting assets to be uploaded with firebase deploy. If you
[info] have a build process for your assets, use your build's output directory.
[info] 
[debug] [2023-11-14T11:50:28.294Z] >>> [apiv2][query] GET https://www.gstatic.com/firebasejs/releases.json [none]
[debug] [2023-11-14T11:50:28.419Z] <<< [apiv2][status] GET https://www.gstatic.com/firebasejs/releases.json 200
[debug] [2023-11-14T11:50:28.419Z] <<< [apiv2][body] GET https://www.gstatic.com/firebasejs/releases.json {"current":{"version":"10.6.0","browserURL":"https://www.gstatic.com/firebasejs/10.6.0/firebase.js","packageURL":"https://www.gstatic.com/firebasejs/10.6.0/firebase.tgz"},"live":{"version":"10.6","browserURL":"https://www.gstatic.com/firebasejs/live/10.6/firebase.js","packageURL":"https://www.gstatic.com/firebasejs/live/10.6/firebase.tgz"},"components":{"analytics":"https://www.gstatic.com/firebasejs/10.6.0/firebase-analytics.js","app":"https://www.gstatic.com/firebasejs/10.6.0/firebase-app.js","app-check":"https://www.gstatic.com/firebasejs/10.6.0/firebase-app-check.js","auth":"https://www.gstatic.com/firebasejs/10.6.0/firebase-auth.js","auth/cordova":"https://www.gstatic.com/firebasejs/10.6.0/firebase-auth/cordova.js","functions":"https://www.gstatic.com/firebasejs/10.6.0/firebase-functions.js","firestore":"https://www.gstatic.com/firebasejs/10.6.0/firebase-firestore.js","firestore/lite":"https://www.gstatic.com/firebasejs/10.6.0/firebase-firestore/lite.js","installations":"https://www.gstatic.com/firebasejs/10.6.0/firebase-installations.js","storage":"https://www.gstatic.com/firebasejs/10.6.0/firebase-storage.js","performance":"https://www.gstatic.com/firebasejs/10.6.0/firebase-performance.js","remote-config":"https://www.gstatic.com/firebasejs/10.6.0/firebase-remote-config.js","messaging":"https://www.gstatic.com/firebasejs/10.6.0/firebase-messaging.js","messaging/sw":"https://www.gstatic.com/firebasejs/10.6.0/firebase-messaging/sw.js","database":"https://www.gstatic.com/firebasejs/10.6.0/firebase-database.js","firestore.memory":"https://www.gstatic.com/firebasejs/10.6.0/firebase-firestore.memory.js"}}
[info] +  Wrote public/index.html 
[info] 
[info] i  Detected a .git folder at C:\Users\Hp\Documents\store-admin-pannel21-10\s-admin 
[info] i  Authorizing with GitHub to upload your service account to a GitHub repository's secrets store. 
[info] 
[info] Visit this URL on this device to log in:
[info] https://github.com/login/oauth/authorize?client_id=89cf50f02ac6aaed3484&state=509121900&redirect_uri=http%3A%2F%2Flocalhost%3A9005&scope=read%3Auser%20repo%20public_repo
[info] 
[info] Waiting for authentication...
[debug] [2023-11-14T11:50:48.787Z] >>> [apiv2][query] POST https://github.com/login/oauth/access_token [none]
[debug] [2023-11-14T11:50:48.787Z] >>> [apiv2][body] POST https://github.com/login/oauth/access_token [stream]
[debug] [2023-11-14T11:50:49.305Z] <<< [apiv2][status] POST https://github.com/login/oauth/access_token 200
[debug] [2023-11-14T11:50:49.306Z] <<< [apiv2][body] POST https://github.com/login/oauth/access_token {"access_token":"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","token_type":"bearer","scope":"read:user,repo"}
[debug] [2023-11-14T11:50:49.322Z] >>> [apiv2][query] GET https://api.github.com/user [none]
[debug] [2023-11-14T11:50:49.747Z] <<< [apiv2][status] GET https://api.github.com/user 200
[debug] [2023-11-14T11:50:49.747Z] <<< [apiv2][body] GET https://api.github.com/user {"login":"Tarahaldhar","id":84631693,"node_id":"MDQ6VXNlcjg0NjMxNjkz","avatar_url":"https://avatars.githubusercontent.com/u/84631693?v=4","gravatar_id":"","url":"https://api.github.com/users/Tarahaldhar","html_url":"https://github.com/Tarahaldhar","followers_url":"https://api.github.com/users/Tarahaldhar/followers","following_url":"https://api.github.com/users/Tarahaldhar/following{/other_user}","gists_url":"https://api.github.com/users/Tarahaldhar/gists{/gist_id}","starred_url":"https://api.github.com/users/Tarahaldhar/starred{/owner}{/repo}","subscriptions_url":"https://api.github.com/users/Tarahaldhar/subscriptions","organizations_url":"https://api.github.com/users/Tarahaldhar/orgs","repos_url":"https://api.github.com/users/Tarahaldhar/repos","events_url":"https://api.github.com/users/Tarahaldhar/events{/privacy}","received_events_url":"https://api.github.com/users/Tarahaldhar/received_events","type":"User","site_admin":false,"name":"Tara Haldhar","company":null,"blog":"","location":null,"email":null,"hireable":null,"bio":null,"twitter_username":null,"public_repos":9,"public_gists":0,"followers":2,"following":3,"created_at":"2021-05-22T14:45:57Z","updated_at":"2023-11-06T07:49:05Z","private_gists":0,"total_private_repos":5,"owned_private_repos":5,"disk_usage":29851,"collaborators":0,"two_factor_authentication":false,"plan":{"name":"free","space":976562499,"collaborators":0,"private_repos":10000}}
[info] 
[info] +  Success! Logged into GitHub as Tarahaldhar 
[info] 
